<?xml version="1.0" encoding="UTF-8"?>
<!-- Generated by org.testng.reporters.JUnitReportReporter -->
<testsuite hostname="Devi-pc" name="NoticeOrderReport.TC_17" tests="1" failures="0" timestamp="16 Dec 2019 10:52:09 GMT" time="93.853" errors="0">
  <testcase name="tc_17" time="93.853" classname="NoticeOrderReport.TC_17"/>
</testsuite> <!-- NoticeOrderReport.TC_17 -->
