<?xml version="1.0" encoding="UTF-8"?>
<!-- Generated by org.testng.reporters.JUnitReportReporter -->
<testsuite hostname="Devi-pc" name="IndependentSearchAddress.TC_104_105" tests="1" failures="0" timestamp="16 Dec 2019 09:02:32 GMT" time="133.029" errors="0">
  <testcase name="tc_104_105" time="133.029" classname="IndependentSearchAddress.TC_104_105"/>
</testsuite> <!-- IndependentSearchAddress.TC_104_105 -->
