<?xml version="1.0" encoding="UTF-8"?>
<!-- Generated by org.testng.reporters.JUnitReportReporter -->
<testsuite hostname="Devi-pc" name="IndependentSearchAddress.FirstRunthisScript" tests="1" failures="0" timestamp="16 Dec 2019 08:52:12 GMT" time="198.049" errors="0">
  <testcase name="firstRunthisScript" time="198.049" classname="IndependentSearchAddress.FirstRunthisScript"/>
</testsuite> <!-- IndependentSearchAddress.FirstRunthisScript -->
