<?xml version="1.0" encoding="UTF-8"?>
<!-- Generated by org.testng.reporters.JUnitReportReporter -->
<testsuite hostname="Devi-pc" name="IndependentSearchAddress.TC_111_to_116" tests="1" failures="0" timestamp="16 Dec 2019 09:10:23 GMT" time="97.127" errors="0">
  <testcase name="tc_111_to_116" time="97.127" classname="IndependentSearchAddress.TC_111_to_116"/>
</testsuite> <!-- IndependentSearchAddress.TC_111_to_116 -->
