<?xml version="1.0" encoding="UTF-8"?>
<!-- Generated by org.testng.reporters.JUnitReportReporter -->
<testsuite hostname="Devi-pc" name="IndependentSearchAddress.TC_122_to_124" tests="1" failures="0" timestamp="16 Dec 2019 09:17:14 GMT" time="159.685" errors="0">
  <testcase name="tc_122_to_124" time="159.685" classname="IndependentSearchAddress.TC_122_to_124"/>
</testsuite> <!-- IndependentSearchAddress.TC_122_to_124 -->
