<?xml version="1.0" encoding="UTF-8"?>
<!-- Generated by org.testng.reporters.JUnitReportReporter -->
<testsuite hostname="Devi-pc" name="IndependentSearchAddress.TC_130_to_139" tests="1" failures="0" timestamp="16 Dec 2019 10:30:30 GMT" time="304.063" errors="0">
  <testcase name="tc_122_to_139" time="304.063" classname="IndependentSearchAddress.TC_130_to_139"/>
</testsuite> <!-- IndependentSearchAddress.TC_130_to_139 -->
