<?xml version="1.0" encoding="UTF-8"?>
<!-- Generated by org.testng.reporters.JUnitReportReporter -->
<testsuite hostname="Devi-pc" name="IndependentSearchAddress.TC_117_to_121" tests="1" failures="0" timestamp="16 Dec 2019 09:13:15 GMT" time="141.758" errors="0">
  <testcase name="tc_117_to_121" time="141.758" classname="IndependentSearchAddress.TC_117_to_121"/>
</testsuite> <!-- IndependentSearchAddress.TC_117_to_121 -->
