<?xml version="1.0" encoding="UTF-8"?>
<!-- Generated by org.testng.reporters.JUnitReportReporter -->
<testsuite hostname="Devi-pc" name="IndependentSearchAddress.TC_106_107" tests="1" failures="0" timestamp="16 Dec 2019 09:07:35 GMT" time="215.803" errors="0">
  <testcase name="tc_106_107" time="215.803" classname="IndependentSearchAddress.TC_106_107"/>
</testsuite> <!-- IndependentSearchAddress.TC_106_107 -->
