<?xml version="1.0" encoding="UTF-8"?>
<!-- Generated by org.testng.reporters.JUnitReportReporter -->
<testsuite hostname="Devi-pc" name="IndependentSearchAddress.TC_125_to_129" tests="1" failures="0" timestamp="16 Dec 2019 09:42:08 GMT" time="239.572" errors="0">
  <testcase name="tc_122_to_129" time="239.572" classname="IndependentSearchAddress.TC_125_to_129"/>
</testsuite> <!-- IndependentSearchAddress.TC_125_to_129 -->
