<?xml version="1.0" encoding="UTF-8"?>
<!-- Generated by org.testng.reporters.JUnitReportReporter -->
<testsuite hostname="Devi-pc" name="IndependentSearchAddress.TC_100_to_103" tests="1" failures="0" timestamp="16 Dec 2019 08:59:31 GMT" time="106.340" errors="0">
  <testcase name="tc_100_to_103" time="106.340" classname="IndependentSearchAddress.TC_100_to_103"/>
</testsuite> <!-- IndependentSearchAddress.TC_100_to_103 -->
